[SUCCESS] 17/11/2025, 11:01:15: 噫 Sistema Autﾃｴnomo VCM - DEMONSTRAﾃﾃグ COMPLETA
[SUCCESS] 17/11/2025, 11:01:15: 噫 INICIANDO DEMONSTRAﾃﾃグ COMPLETA DO SISTEMA AUTﾃ年OMO VCM
[COMPANY] 17/11/2025, 11:01:16: 召 Encontradas 1 empresas para processar
[COMPANY] 17/11/2025, 11:01:16: 召 Processando empresa: ARVA Tech Solutions
[SUCCESS] 17/11/2025, 11:01:39: 沈 SIMULANDO SALVAMENTO NO BANCO DE DADOS:
[TASK] 17/11/2025, 11:01:39: 搭 Geradas 3 tarefas para David Thompson
[TASK] 17/11/2025, 11:01:55: 搭 Geradas 3 tarefas para Marcus Brown
[SUCCESS] 17/11/2025, 11:01:55: 沈 SIMULANDO SALVAMENTO NO BANCO DE DADOS:
[TASK] 17/11/2025, 11:02:10: 搭 Geradas 3 tarefas para Jessica Wilson
[SUCCESS] 17/11/2025, 11:02:10: 沈 SIMULANDO SALVAMENTO NO BANCO DE DADOS:
[SUCCESS] 17/11/2025, 11:02:24: 沈 SIMULANDO SALVAMENTO NO BANCO DE DADOS:
[TASK] 17/11/2025, 11:02:24: 搭 Geradas 3 tarefas para Emily Rodriguez
[TASK] 17/11/2025, 11:02:43: 搭 Geradas 3 tarefas para Carlos Silva
[SUCCESS] 17/11/2025, 11:02:43: 沈 SIMULANDO SALVAMENTO NO BANCO DE DADOS:
[SUCCESS] 17/11/2025, 11:02:57: 沈 SIMULANDO SALVAMENTO NO BANCO DE DADOS:
[TASK] 17/11/2025, 11:02:57: 搭 Geradas 3 tarefas para Ana Costa
[SUCCESS] 17/11/2025, 11:03:29: 沈 SIMULANDO SALVAMENTO NO BANCO DE DADOS:
[TASK] 17/11/2025, 11:03:29: 搭 Geradas 3 tarefas para Carolina Lima
[TASK] 17/11/2025, 11:03:45: 搭 Geradas 3 tarefas para Michael Anderson
[SUCCESS] 17/11/2025, 11:03:45: 沈 SIMULANDO SALVAMENTO NO BANCO DE DADOS:
[TASK] 17/11/2025, 11:04:04: 搭 Geradas 4 tarefas para Robert Martinez
[SUCCESS] 17/11/2025, 11:04:04: 沈 SIMULANDO SALVAMENTO NO BANCO DE DADOS:
[TASK] 17/11/2025, 11:04:16: 搭 Geradas 3 tarefas para Amanda Johnson
[SUCCESS] 17/11/2025, 11:04:16: 沈 SIMULANDO SALVAMENTO NO BANCO DE DADOS:
[TASK] 17/11/2025, 11:04:31: 搭 Geradas 3 tarefas para Rachel Green
[SUCCESS] 17/11/2025, 11:04:31: 沈 SIMULANDO SALVAMENTO NO BANCO DE DADOS:
[TASK] 17/11/2025, 11:04:48: 搭 Geradas 3 tarefas para Sarah Chen
[SUCCESS] 17/11/2025, 11:04:48: 沈 SIMULANDO SALVAMENTO NO BANCO DE DADOS:
[TASK] 17/11/2025, 11:05:04: 搭 Geradas 3 tarefas para Jennifer Williams
[SUCCESS] 17/11/2025, 11:05:04: 沈 SIMULANDO SALVAMENTO NO BANCO DE DADOS:
[TASK] 17/11/2025, 11:05:23: 搭 Geradas 2 tarefas para Lisa Park
[SUCCESS] 17/11/2025, 11:05:23: 沈 SIMULANDO SALVAMENTO NO BANCO DE DADOS:
[SUCCESS] 17/11/2025, 11:05:37: 沈 SIMULANDO SALVAMENTO NO BANCO DE DADOS:
[TASK] 17/11/2025, 11:05:37: 搭 Geradas 3 tarefas para Marina Santos
[SUCCESS] 17/11/2025, 11:05:39: 笨 Empresa ARVA Tech Solutions: 45 tarefas criadas
[SUCCESS] 17/11/2025, 11:05:39: 
投 RELATﾃ迭IO FINAL DA DEMONSTRAﾃﾃグ
[SUCCESS] 17/11/2025, 11:05:39: 召 Empresas processadas: 1
[SUCCESS] 17/11/2025, 11:05:39: 嶋 Total de tarefas geradas: 45
[SUCCESS] 17/11/2025, 11:05:39: 則 Personas com tarefas: 15
